perl-Digest-SHA-1:6.02-1.el8.x86_64 1571054413 115681 99b795dc2b552de7a1aa08e7599804ce installed
gpg-pubkey-ced7258b-6525146f 1696928879 0 (none) installed
perl-devel-4:5.26.3-423.el8_10.x86_64 1753690162 3535582 c05c3fc6bca7eaa7b45aeed19502ceee installed
libgcc-8.5.0-28.el8_10.alma.1.x86_64 1756209600 190232 581cb64c350f0f62d4c8b8bb2f338645 installed
perl-ExtUtils-MakeMaker-1:7.34-1.el8.noarch 1570956965 734679 cb4c4c73564961b7d9563618aeac3c9e installed
crypto-policies-20230731-1.git3177e06.el8.noarch 1697342317 73739 c383eb4e9bacfd944352d682e1718bc7 installed
perl-Locale-Maketext-1.28-396.el8.noarch 1570963415 174999 e8eb1887c0bda7250c4385c2c7006311 installed
python3-setuptools-wheel-39.2.0-9.el8_10.noarch 1752570848 345327 43676cd49ee9bbb63f73babd09bfe2a3 installed
perl-Params-Check-1:0.38-395.el8.noarch 1570966311 28458 645e349adefb6d855714c4a1ab209ab8 installed
almalinux-release-8.10-1.el8.x86_64 1716389384 40011 c3f29930b0757938be041dbfa5183166 installed
perl-Params-Util-1.07-22.el8.x86_64 1570967767 75049 4876662e8ce78f32ae429fe3140b239a installed
filesystem-3.8-6.el8.x86_64 1633769510 0 f08ab4a30bbd96fa8b9c60ae8093c767 installed
perl-Sub-Install-0.928-14.el8.noarch 1570969125 35807 689513f946afcf74f1d4df22eb8bca6e installed
python3-rpm-macros-3-45.el8.noarch 1684241739 3714 e21aee29c790c6f9d6816c2fcef3bcf3 installed
perl-ExtUtils-Miniperl-0:1.06-423.el8_10.noarch 1753690379 9878 e9a3c2970c4230db67b2b0d2f4e3cd25 installed
ansible-srpm-macros-1-12.el8.noarch 1707101462 36518 cba5e95476f913323626dbfe89321722 installed
perl-inc-latest-2:0.500-9.el8.noarch 1570975158 35852 d78f6f23caabd7be132b517e5e9ebfc9 installed
qt5-srpm-macros-5.15.3-1.el8.noarch 1665240446 0 13930856f05192204b4325eb0f3c905d installed
perl-bignum-0.49-2.el8.noarch 1570974758 91430 2332624beca32469c01b13bf6821a8d4 installed
openblas-srpm-macros-2-2.el8.noarch 1571258850 104 d409c4addd2ba101a4d74ec42c7d04a0 installed
perl-open-0:1.11-423.el8_10.noarch 1753690379 11765 c6d3da10dcbbcd496413e9c5c29cab9a installed
go-srpm-macros-2-17.el8.noarch 1617893120 7342 f9e982a61afd93e325aea64d163ef5c3 installed
perl-Devel-SelfStubber-0:1.06-423.el8_10.noarch 1753690379 7845 4d562c3f445439a69d7c2aed97c259c3 installed
perl-Module-CoreList-tools-1:5.20181130-1.el8.noarch 1570964428 18981 f1865e2c1f35f2d97c5b92f095f45477 installed
pkgconf-m4-1.4.2-1.el8.noarch 1570949719 14187 4cfa44df9ac23a6c716ac704552237b6 installed
perl-Algorithm-Diff-1.1903-9.el8.noarch 1570950503 110531 312d69b97c1b506b50afc7326ee943d2 installed
pcre2-10.32-3.el8_6.x86_64 1659456464 656742 67ffc48a75cc530a20627074567acb15 installed
perl-Archive-Tar-2.30-1.el8.noarch 1570950650 154937 9a8dc3c2029088045b2819f39f089475 installed
perl-B-Debug-1.26-2.el8.noarch 1570950850 42007 24c7ae3a915211624bc8ff29a1c5a52e installed
perl-Config-Perl-V-0.30-1.el8.noarch 1571000100 24320 40d7fd2524258cf86e092af97bb2426b installed
perl-Devel-PPPort-3.36-5.el8.x86_64 1570955173 399393 7215dc7827dc3d37d8d7701af57016c6 installed
libsepol-2.9-3.el8.x86_64 1633747466 761592 0946f0795611a98579991b1b86329e69 installed
perl-Env-1.04-395.el8.noarch 1570956430 26873 e4f87e219a81e47a14ededec807a5c8e installed
info-6.5-7.el8.x86_64 1650301777 386466 558cdebec0bfde72fa0ab71bbb610d6e installed
perl-IPC-Cmd-2:1.02-1.el8.noarch 1571000197 87152 dc6113a0660c870079411d1247ef81c9 installed
xz-libs-5.2.4-4.el8_6.x86_64 1655211822 164967 d845462b9b5ac7651641e1d9ef0a12f1 installed
perl-File-Fetch-0.56-2.el8.noarch 1570957512 59879 e7aec11df1486e7805c1a15adc98b0c7 installed
libstdc++-8.5.0-28.el8_10.alma.1.x86_64 1756209600 1935540 d46e0dbca9387611da8d1d0ddfd45c0d installed
perl-IPC-System-Simple-1.25-17.el8.noarch 1570962348 70458 3931766e8ae557ea8c8e17999c9e93ab installed
libzstd-1.4.4-1.el8.x86_64 1597790682 698061 bbc3c63ac94f041b08c74c45d8b4f32b installed
perl-Locale-Codes-3.57-1.el8.noarch 1570963309 2388500 5d544addfb3aa504f01e1c93f2fe0e4b installed
mpfr-3.1.6-1.el8.x86_64 1570879690 612625 d5153c4b8be5ad5303231bf9c5facd0d installed
perl-Module-Loaded-1:0.08-423.el8_10.noarch 1753690379 6015 f41e2506c4502d9ab5a7d8ab09571cb5 installed
sqlite-libs-3.26.0-20.el8_10.x86_64 1753752806 1166537 430cb2fe9c1c45ea380a7b0bdb3c31dc installed
perl-Sub-Exporter-0.987-15.el8.noarch 1570968873 142832 f7510cc11b456543786c6d3d0393ac93 installed
popt-1.18-1.el8.x86_64 1617942835 126618 1bdf6fe22eaf60267076e42034215369 installed
perl-Pod-Parser-1.63-396.el8.noarch 1570967576 269549 e473724be057334b34e6fa3b7ad670cc installed
libuuid-2.32.1-48.el8_10.x86_64 1770236304 35104 9fd21ad37b3c74a065302ba2568199c7 installed
perl-Test-0:1.30-423.el8_10.noarch 1753690379 38806 70757a7a968f706745bda19724ef22a7 installed
libunistring-0.9.9-3.el8.x86_64 1570877206 1855932 1ed8acc1da683155061ec05b87a8d1fb installed
perl-Text-Glob-0.11-4.el8.noarch 1570971665 8826 e240bf8b90534bc4926eed11654ea1c4 installed
libacl-2.2.53-3.el8.x86_64 1712405746 37864 28262bbbb348e14b91859e778def7eee installed
perl-Time-Piece-0:1.31-423.el8_10.x86_64 1753690162 61666 9b6a4f155a4edadfcf604e42169eb19f installed
libffi-3.1-24.el8.x86_64 1680332000 53844 6c7a464f7a16eca5eaac4a2e6ee95f97 installed
perl-local-lib-2.000024-2.el8.noarch 1570975501 120229 cef2c4ab431545119cbe6dc30a0ea0f6 installed
lua-libs-5.3.4-12.el8.x86_64 1633756479 247888 e9cc2b3375e8d2f8e3b375f3e387e405 installed
perl-Thread-Queue-3.13-1.el8.noarch 1570972090 29787 5f48e27f11275f3d8542fd2184ae7807 installed
libidn2-2.2.0-1.el8.x86_64 1573743877 253706 905343d4141d8797df1029717b6dd000 installed
perl-File-HomeDir-1.002-4.el8.noarch 1570957759 120984 75bc4fe546d5e69103131e78e0fcdf9b installed
file-libs-5.33-27.el8_10.x86_64 1759818650 6385855 4afd95b8e5c04387480ad62c50361b19 installed
perl-MRO-Compat-0.13-4.el8.noarch 1570963860 25912 0a7bc4f9c31e4d4d1f25cb2bee985a50 installed
libgcrypt-1.8.5-7.el8_6.x86_64 1656417299 1269734 70fbb0d21af13b31aec48f71887b4e9f installed
perl-Software-License-0.103013-2.el8.noarch 1570968581 461251 189772a4fe8b6726029438036a3a85b7 installed
findutils-1:4.6.0-24.el8_10.x86_64 1766069842 1768980 f07453d88c69d3fb03df20cae9796a78 installed
perl-PerlIO-via-QuotedPrint-0.08-395.el8.noarch 1570967101 6010 52586a38e3c721865ca1c70e1b020790 installed
elfutils-libs-0.190-2.el8.alma.1.x86_64 1756126628 738263 beacfd906b3bf273008069af488eec87 installed
perl-CPAN-2.18-402.el8_10.noarch 1748961150 1859390 fbfedde500cef76413ef3186e8b38120 installed
gdbm-libs-1:1.18-2.el8.x86_64 1665235333 118448 3e44a6115036e2cad23e7799ef648913 installed
zlib-devel-1.2.11-25.el8.x86_64 1697061746 141078 2a08372bb8fc5e0eeb8d7d57577c9450 installed
libcap-ng-0.7.11-1.el8.x86_64 1633740976 51470 3f0d6cf675a585a2ae3f56412b30bd51 installed
libtasn1-4.13-5.el8_10.x86_64 1745287845 165309 579705f34df38b91cb2ef044b87dcb18 installed
lz4-libs-1.8.3-5.el8_10.x86_64 1752571479 121151 12816866284b9afefeaa3956af1c9762 installed
grep-3.1-6.el8.x86_64 1570806983 835205 617d031c721f71e75bf3e3baf23c7091 installed
libsemanage-2.9-12.el8_10.x86_64 1748916414 312384 a1dd7b01b8e24f6187a4c47e392d6131 installed
elfutils-0.190-2.el8.alma.1.x86_64 1756126628 2932142 a0865f8a871b7db56d2c17b3c7a78c58 installed
cpp-8.5.0-28.el8_10.alma.1.x86_64 1756209600 29645334 6398d1bd8301bfa8dd2a87700bebf2da installed
libassuan-2.5.1-3.el8.x86_64 1570877556 202763 b2311f915e456a49639bf26f3bad80bf installed
tar-2:1.30-11.el8_10.x86_64 1756198900 2876623 4827127bc82c0fea1c131d9576f626de installed
dwz-0.12-10.el8.x86_64 1633749969 230263 a62223b484ee32ad1c9af4243fed3134 installed
zstd-1.4.4-1.el8.x86_64 1597790682 1538890 2f6ac4b5b57376163b7d95e0e5a6c7d3 installed
libxml2-2.9.7-21.el8_10.4.x86_64 1777375892 1757226 b3c70fddf99c3ef467d0bf2b477baab3 installed
coreutils-common-8.30-17.el8_10.x86_64 1774357568 9896370 9a6c4d7205e57abbfc77c5a0ff71ae79 installed
libgomp-8.5.0-28.el8_10.alma.1.x86_64 1756209600 331991 21cdd8cea20ddd302fdfb78458a306df installed
cpio-2.12-11.el8.x86_64 1650302345 967857 3e86a6421c21ed57740c1427641bfc5a installed
libpkgconf-1.4.2-1.el8.x86_64 1570949856 68093 fb556973b263b432b7cd428d144e1bc8 installed
pkgconf-pkg-config-1.4.2-1.el8.x86_64 1570949856 3094 d6a499392cd113c3d432815b73c0beaa installed
gawk-4.2.1-4.el8.x86_64 1650297393 2700342 860e9a6ea58da2e5acb213552bd923d0 installed
libtool-ltdl-2.4.6-25.el8.x86_64 1570806649 71434 dafca00daee0519f6e27e464b5319ea1 installed
ncurses-6.1-10.20180224.el8.x86_64 1697309698 589460 78631e2dd1d558f04e8e66601677a21d installed
coreutils-8.30-17.el8_10.x86_64 1774357568 6108240 783a084a8d7fd78a9c77af48046d5745 installed
libdb-5.3.28-42.el8_4.x86_64 1632242311 1903352 a67fb98fbc3423b2b0c431e554ed0142 installed
libtirpc-1.1.4-12.el8_10.x86_64 1719951959 228758 bacc461d3695302fc98556ce061322d8 installed
libmount-2.32.1-48.el8_10.x86_64 1770236304 398282 ed35b9a8dcd7d1248ddd2b70d6bffaab installed
libnsl2-1.2.0-2.20180605git4a062cf.el8.x86_64 1571070958 147122 5e1f824ad2167fca67c95167cd5e9430 installed
platform-python-3.6.8-76.el8_10.alma.1.x86_64 1777358223 41222 e131a02a833aa77a7074e70c55bffa41 installed
binutils-2.30-128.el8_10.x86_64 1766067698 24836755 dce8d87d35b629dbfa514571f6bd65c1 installed
cracklib-2.9.6-15.el8.x86_64 1570841236 239047 1330cb26e3ade489146e0bf814ceefb0 installed
shadow-utils-2:4.6-23.el8_10.x86_64 1766065866 4072286 2a146040c792f8c07f3885c06dc650d0 installed
tpm2-tss-2.3.2-6.el8.x86_64 1712406564 1209206 2d7bce1182e64a594e9e6dabe949109f installed
libpwquality-1.4.4-6.el8.x86_64 1680373457 396846 85121d7754593e6227e14a7219fafa4f installed
libusbx-1.0.23-4.el8.x86_64 1613476914 154147 f2638a3eac6d54c608e873b34db1391e installed
libbabeltrace-1.5.4-4.el8.x86_64 1665410259 546491 fbd1ec26dfe435dbf90d14d04f75ec69 installed
cyrus-sasl-lib-2.1.27-6.el8_5.x86_64 1645647246 726138 f2989a460c851d69241bfd04c9016339 installed
libdb-utils-5.3.28-42.el8_4.x86_64 1632242311 369615 6daac401996c9b2e9b227aeb311a0f3b installed
npth-1.5-4.el8.x86_64 1571000973 47909 923bc0b204b2492684217e4191f7a61c installed
libatomic_ops-7.6.2-3.el8.x86_64 1570924675 76822 2f9775cab0869d15eae784e4a5bd0490 installed
guile-5:2.0.14-7.el8.x86_64 1570929621 12159798 274039b08959d7e0e00673b806a94a38 installed
libssh-config-0.9.6-16.el8_10.noarch 1764014300 277 f4666494b029c5828221df27e20b0f64 installed
libcurl-7.61.1-34.el8_10.11.x86_64 1774361145 601856 2b1eea51dd9ea53f1f1ae4f9251fd990 installed
rpm-libs-4.14.3-32.el8_10.x86_64 1734408670 743680 489e5a091603caf42688d59a595763f0 installed
efi-srpm-macros-3-3.el8.noarch 1617878303 39226 28ae007d3e6cc616b2002aec551e715b installed
rpm-build-libs-4.14.3-32.el8_10.x86_64 1734408670 216152 48b78e8e7d379a17949835bf9ff991b5 installed
gcc-8.5.0-28.el8_10.alma.1.x86_64 1756209600 61717609 b277da7bcda3ebb5948b6ef897aa338d installed
annobin-11.13-2.el8.x86_64 1697050857 1005411 a22b4e35017ec4b834bbf4b51be5419c installed
rpm-build-4.14.3-32.el8_10.x86_64 1734408670 299106 8e94b3c0b843b2497a1923f9d946c1ee installed
epel-rpm-macros-8-43.noarch 1746898529 31711 9bb21ff3135416c5bace641b38e8fcd7 installed
which-2.21-21.el8_10.x86_64 1756198485 83404 a5ae93ce55e5b3cc07203d59ce5c7496 installed
tzdata-2026b-1.el8.noarch 1779762930 1985220 9e1d0bc0b44b562e4d820265dd9cd751 installed
glibc-common-2.28-251.el8_10.37.x86_64 1779789102 7997172 738343305e3d5f78606f339dd7efbf71 installed
glibc-2.28-251.el8_10.37.x86_64 1779789102 6884552 e6eacf423e25f1a1989c0c46c809e8d4 installed
glibc-headers-2.28-251.el8_10.37.x86_64 1779789102 2031720 b71a9d0756ad3bbbdaf67054288ee36a installed
expat-2.5.0-2.el8_10.x86_64 1780486526 369520 554713e167c8ef5e4d0b3dd208c19c61 installed
kernel-headers-4.18.0-553.129.1.el8_10.x86_64 1780582443 5653931 6dd35513e09d787920924cd45b10e58f installed
systemtap-sdt-devel-4.9-3.el8.x86_64 1697288848 203028 5f61803a0138c0dbf7782d3a95d9a514 installed
groff-base-1.22.3-18.el8.x86_64 1570976990 4274302 51506a359aeac95440baad3c008b475f installed
perl-Digest-MD5-2.55-396.el8.x86_64 1570955939 56718 792ca46c883ae6a9d78911b4d15342e6 installed
perl-libnet-3.11-3.el8.noarch 1570999891 277134 4d8dd1b0a02e78141fbd3b7325f53c9f installed
perl-Pod-Escapes-1:1.07-395.el8.noarch 1570967377 25763 187e3c2a3b8529d94a9a2da54fe0f681 installed
perl-Time-Local-1:1.280-1.el8.noarch 1570972329 59906 6d642a23247175421e888aea70734752 installed
perl-IO-Socket-SSL-2.066-4.module_el8.6.0+2811+fe6c84b0.noarch 1650651986 618704 e0497e147211fd2f278cbc32c0260c53 installed
perl-Term-ANSIColor-4.06-396.el8.noarch 1570969691 89627 532e452e3f8b4d5bee4966eba48f4256 installed
perl-File-Temp-0.230.600-1.el8.noarch 1570958419 164723 888f861191d72eea118083c7122a87d8 installed
perl-Pod-Simple-1:3.35-395.el8.noarch 1570967776 543719 824775291c12f0068b569b3522ac72ce installed
perl-Pod-Perldoc-3.28-396.el8.noarch 1570967638 169228 f625e81c2c106255c9923036d8275cb8 installed
perl-Pod-Usage-4:1.69-395.el8.noarch 1570967839 49720 6889c91accc929463eabf16f712eccc3 installed
perl-Storable-1:3.11-3.el8.x86_64 1570969971 221861 f2d647f6228956401e65e589babf7d8f installed
perl-Errno-0:1.28-423.el8_10.x86_64 1753690162 9507 ba297a6bf73e1746441ed156195bb278 installed
perl-Encode-4:2.97-3.el8.x86_64 1570956379 10200695 23d91a672e367872f2b57e6cea9d7473 installed
perl-Exporter-5.72-396.el8.noarch 1570956723 55718 70a86e64d90c4d05721fd1fe6d9762c8 installed
perl-Scalar-List-Utils-3:1.49-2.el8.x86_64 1570969561 124632 f421d1fe8fe39fbe86dbea2036579632 installed
perl-macros-4:5.26.3-423.el8_10.x86_64 1753690162 5184 2f586c895c2a65785904115416ebb762 installed
perl-Unicode-Normalize-1.25-396.el8.x86_64 1570974527 637517 878db7b5fec6d88208e78843eebdb692 installed
perl-IO-0:1.38-423.el8_10.x86_64 1753690162 139775 23a0ffcc4af71a3ab5241765d748b019 installed
perl-constant-1.33-396.el8.noarch 1570974903 27103 c7dc59a84907d4102a38362fbdc49ac8 installed
perl-threads-shared-1.58-2.el8.x86_64 1570981103 78170 bdeea948f0f057950cd59d7c4c67ecb2 installed
perl-version-6:0.99.24-1.el8.x86_64 1570981195 127971 82762f63b82dcb75beb3fea28b4ca24c installed
perl-CPAN-Meta-Requirements-2.140-396.el8.noarch 1570951390 70659 5e5e5b6f6d154dec2278ee4268b0db2c installed
perl-ExtUtils-ParseXS-1:3.35-2.el8.noarch 1570957118 185701 6d9ee2126dacab7b721312bb18ed9f76 installed
perl-Module-CoreList-1:5.20181130-1.el8.noarch 1570964428 867850 fa59d66c3221cd5f39247d39732ac1b7 installed
perl-Compress-Raw-Zlib-2.081-1.el8.x86_64 1570952859 146917 d08f03227e85c71563c1be288256ecd5 installed
perl-SelfLoader-0:1.23-423.el8_10.noarch 1753690379 23915 50d66954d9dc462500caccfb31b2439c installed
perl-Perl-OSType-1.010-396.el8.noarch 1570966968 33833 b3e2dcb01c385486e33972126b5ac0fa installed
perl-encoding-4:2.22-3.el8.x86_64 1570956379 144893 15b2524ec8bd5d44cf6f818ec3401041 installed
perl-Compress-Raw-Bzip2-2.081-1.el8.x86_64 1570952767 58623 9a5318c5a4b2b65878dc72bde2e43583 installed
perl-IO-Zlib-1:1.10-423.el8_10.noarch 1753690379 19748 fba7d59c33ef9e01de69f4a9f61767be installed
perl-Math-BigInt-1:1.9998.11-7.el8.noarch 1574148383 695154 eb9c5a48c2f845e87ec717b2d6e5428f installed
perl-Math-BigRat-0.2614-1.el8.noarch 1570964245 105818 cc5ef6a4258eeb8913a9d711c857a870 installed
perl-CPAN-Meta-2.150010-396.el8.noarch 1570951323 610138 ae2f57cf5e6db39bc41fc6356e80a3b7 installed
gpg-pubkey-3abb34f8-5ffd890e 1610451214 0 (none) installed
perl-ExtUtils-Command-1:7.34-1.el8.noarch 1570956965 10101 ecbfcc6c841b221a02a790035f19f686 installed
gpg-pubkey-2f86d6a1-5cf7cefb 1559744251 0 (none) installed
perl-ExtUtils-Install-2.14-4.el8.noarch 1570956872 87726 67d62be4ef309d7293cef17eff85c39b installed
python-srpm-macros-3-45.el8.noarch 1684241739 6093 6974c7a99642cd08cb46a0809e517ac7 installed
perl-ExtUtils-Embed-0:1.34-423.el8_10.noarch 1753690379 16876 c1526e2b380d34c892f050f9c43787a4 installed
python-rpm-macros-3-45.el8.noarch 1684241739 4325 39a036470a691cdee9fd7704d55ba30f installed
perl-Locale-Maketext-Simple-1:0.21-423.el8_10.noarch 1753690379 14015 dd06ce06b77ea1c01988642c5793ef4c installed
python3-pip-wheel-9.0.3-24.el8.noarch 1712410870 897991 98b4eed4137d0f292b103c41713be7e1 installed
perl-Module-Load-Conditional-0.68-395.el8.noarch 1570964824 29291 ca3b3c0e5f46b0f2b72a0c94c5fffd56 installed
setup-2.12.2-9.el8.noarch 1680380140 724747 ae44d5c7879734ba4b68b3cc6dbef32d installed
perl-Pod-Html-0:1.22.02-423.el8_10.noarch 1753690379 36895 5c0df8bca2b07ca0a99f9203833d0b15 installed
basesystem-11-5.el8.noarch 1570798431 0 8071349d7effd7d19da1fafee0f1a8d8 installed
perl-Data-OptList-0.110-6.el8.noarch 1570953483 49890 4abf52d2e7a06928bee6823e2fd8b3f0 installed
fpc-srpm-macros-1.3-1.el8.noarch 1591557879 144 c8492bbd1f4e176786d5b25114f2c9af installed
perl-libnetcfg-4:5.26.3-423.el8_10.noarch 1753690379 18236 f883982a90d7c5a7c3482b825671f28f installed
rust-srpm-macros-5-2.el8.noarch 1571041961 1131 8cc87310ab4b0faba792cdffc7baad06 installed
perl-Encode-devel-4:2.97-3.el8.x86_64 1570956379 57286 b3b2be04dc2edf5d5ee8774b9596e579 installed
perl-srpm-macros-1-25.el8.noarch 1570976318 794 87f30b6034fad6ec13927d649c2a4594 installed
perl-Math-BigInt-FastCalc-0.500.600-6.el8.x86_64 1570965490 37419 f0566f81aebe13acf7eee961b217f3f6 installed
ocaml-srpm-macros-5-4.el8.noarch 1571041863 737 9af56789b86c0471c4cbfda1e12c1382 installed
perl-Filter-Simple-0.94-2.el8.noarch 1570958771 52082 dae7a07fbda399abbd325b9cb860806b installed
ghc-srpm-macros-1.4.2-7.el8.noarch 1571008156 414 b31a25c1a96349c99c73d0531b290918 installed
perl-Archive-Zip-1.60-3.el8.noarch 1573584106 260572 37f7ef4a2a122ad30dc1cd124db11b71 installed
publicsuffix-list-dafsa-20180723-1.el8.noarch 1573807861 64502 7270896e36c1ab14d6a0ee02d0a79b9b installed
perl-experimental-0.019-2.el8.noarch 1570974957 30591 d8b4a2c3d8c74c5200e77fb3efede770 installed
ncurses-base-6.1-10.20180224.el8.noarch 1697309544 290089 ce6326870742a02880bcce5d7021e0da installed
perl-Text-Diff-1.45-2.el8.noarch 1570971609 85716 783f80d2c0ec4ce0aeaaaa62916732d7 installed
libselinux-2.9-11.el8_10.x86_64 1770733600 173176 7c7107c84c22ee1e124b01cca2fec551 installed
perl-Attribute-Handlers-0:0.99-423.el8_10.noarch 1753690379 39302 d2eb76eee4a354bf06112ebcddff8062 installed
ncurses-libs-6.1-10.20180224.el8.x86_64 1697309698 955832 ec278e4d9dd9cf3d9e2c21462d884c8f installed
perl-Compress-Bzip2-2.26-6.el8.x86_64 1570952680 150314 c09a8a6b3231b748bed9419065d0415c installed
perl-DB_File-1.842-1.el8.x86_64 1570953439 185181 17ea6b9bf18aa043b49973e042d3b2bd installed
bash-4.4.20-6.el8_10.x86_64 1756198277 6865564 463d29674d0fe207b9dc20a9e4f7036a installed
perl-Devel-Size-0.81-2.el8.x86_64 1570955269 42944 675aa586b1f82994eb2e651b5f5a8ca1 installed
zlib-1.2.11-25.el8.x86_64 1697061746 199959 f318fbaba9338a0f3d713fe9f9166085 installed
perl-ExtUtils-MM-Utils-1:7.34-1.el8.noarch 1570956965 3226 639030fec5f1575a3ed1ef0e31e9aa58 installed
bzip2-libs-1.0.6-28.el8_10.x86_64 1738028339 75061 b1d2101692bd1301227fad236e9ff991 installed
perl-ExtUtils-CBuilder-1:0.280230-2.el8.noarch 1571259789 98493 fd36eb834745594e74889e8671faed02 installed
gmp-1:6.1.2-11.el8.x86_64 1716472916 766316 07d97bf9a5c532649368997ba0044b18 installed
perl-IPC-SysV-2.07-397.el8.x86_64 1570964081 76651 f1409b8c315495f3ec2ec98f25613a40 installed
libxcrypt-4.1.1-6.el8.x86_64 1633752252 185860 1294b0de3284c3cfcee4fd69a949aa6c installed
perl-autodie-2.29-396.el8.noarch 1570974702 215912 34fa5be3a981676501d7134fc562c88e installed
elfutils-libelf-0.190-2.el8.alma.1.x86_64 1756126628 1024034 4cf799ba21f9e0babd1000a07d4a2668 installed
perl-Memoize-0:1.03-423.el8_10.noarch 1753690379 83282 be44699e4650b871ba4d2e243122ee3f installed
readline-7.0-10.el8.x86_64 1570799624 466321 17da0e5a40e0ae2f351f1d7bef47e4d5 installed
perl-Package-Generator-1.106-11.el8.noarch 1570965992 31035 22b5df248e30d19314dd9162fd667f4e installed
libcap-2.48-6.el8_10.1.x86_64 1777926826 164965 17d9392e8a9f5ee2eb6c881b37285a1d installed
perl-Pod-Checker-4:1.73-395.el8.noarch 1570967196 50342 7e796e59e575d2989ccf4b1654e122e0 installed
libcom_err-1.45.6-7.el8_10.x86_64 1759821952 61393 76385638003d0c34088930e13cf0ce4a installed
perl-Sys-Syslog-0.35-397.el8.x86_64 1570971179 97651 c2975b658ab6206bb6d0808b9e630e54 installed
chkconfig-1.19.2-1.el8.x86_64 1697323688 827758 3592988aaa6b2325730cf6810269d85d installed
perl-Test-Simple-1:1.302135-1.el8.noarch 1570971193 1240970 aeda53332e90bb34cc6fcc6060ab68b1 installed
libattr-2.4.48-3.el8.x86_64 1570816691 27346 a9f9393450eaaaf8daa52ebeaf0d05ca installed
perl-Text-Template-1.51-1.el8.noarch 1570971863 113404 885dedecc83353ddda6a908e0312868a installed
sed-4.5-5.el8_10.x86_64 1776194598 764966 92e99dec41125610f1ab45991eb5a66b installed
perl-Unicode-Collate-1.25-2.el8.x86_64 1570974239 4906536 109aa821491ff40cfd9efcb068fdcbd9 installed
libgpg-error-1.31-1.el8.x86_64 1570882847 902818 a6e27a1a568543273350cf2de88a1fb8 installed
perl-utils-0:5.26.3-423.el8_10.noarch 1753690379 127865 86abd0e958a8e02cfb0bb9e69fe88d09 installed
p11-kit-0.23.22-2.el8.x86_64 1712412985 1650594 79e8698142ccf67b8e29262f5256c5b9 installed
perl-File-Which-1.22-2.el8.noarch 1570958518 24717 cab1282373a647a89cc3448c1ada8f10 installed
libmpc-1.1.0-9.1.el8.x86_64 1617859705 127085 75cd38ac1c64b73249d5cbb728435a4e installed
perl-Devel-Peek-0:1.26-423.el8_10.x86_64 1753690162 46191 ef6f76d0f20182efe6c5021c37dde4f9 installed
file-5.33-27.el8_10.x86_64 1759818650 93427 8f02b0a304500fec540bc44f4ae5a690 installed
perl-Data-Section-0.200007-3.el8.noarch 1571066871 43062 d657389703e88178e055a8dfd9f2c8ea installed
unzip-6.0-48.el8_10.x86_64 1748916613 424061 6dafe825b00d391b53ffa936f1c8ad70 installed
perl-Module-Build-2:0.42.24-5.el8.noarch 1570964375 669576 3c82de4f43e870ca469444963ea7e66a installed
elfutils-default-yama-scope-0.190-2.el8.alma.1.noarch 1756126725 1810 427c6ad82bbb15413b089ed68c65691f installed
perl-perlfaq-5.20180605-1.el8.noarch 1570975873 742251 cd88af33f90cfd51eabe15edba08031e installed
perl-4:5.26.3-423.el8_10.x86_64 1753690162 0 5e9734e37d2f9ec2ec1e1915599a5ba0 installed
keyutils-libs-1.5.10-9.el8.x86_64 1633701057 43766 d55066ef1b9b73c17341eb70a6e9d179 installed
audit-libs-3.1.2-1.el8_10.1.x86_64 1752572522 308530 47022334fff5947a8d07ddb7a7857b25 installed
p11-kit-trust-0.23.22-2.el8.x86_64 1712412985 483265 2683e8d34c5cacac2ea7db0455b2892e installed
pcre-8.42-6.el8.x86_64 1633720673 509819 b482103d827bd272ea4dbe2d7f555ba3 installed
xz-5.2.4-4.el8_6.x86_64 1655211822 424234 494206414fa2746c68782f947d497be1 installed
gdbm-1:1.18-2.el8.x86_64 1665235333 389593 55f4b80a4b32c7bb80a662853fca4c2c installed
zip-3.0-23.el8.x86_64 1570799464 842877 95a7b729e9631402fdae56c0870bb5be installed
libpsl-0.20.2-6.el8.x86_64 1597740996 70716 4df972c0ea829c6b432fe0deb08d2991 installed
libksba-1.3.5-9.el8_7.x86_64 1675786363 334047 3e44897ff30014b35842a4ce8ae876c0 installed
patch-2.7.6-11.el8.x86_64 1591024468 277241 dd09931427a844c5c46bb1b18fb0258d installed
libstdc++-devel-8.5.0-28.el8_10.alma.1.x86_64 1756209600 11815138 b39eddb9b824872e9d1815619a60593e installed
nettle-3.4.1-7.el8.x86_64 1633731140 572241 799d8ed3705966a8137181ca04825056 installed
isl-0.16.1-6.el8.x86_64 1571012373 3270833 6332edcbfb4aadde6aabb25d1331d44f installed
bzip2-1.0.6-28.el8_10.x86_64 1738028339 92004 e9885ff4425cfa5e57bdba00063b8f4e installed
diffutils-3.6-6.el8.x86_64 1588605339 1655492 581e0a152f2141e6cb2247e310a7793d installed
brotli-1.0.6-4.el8_10.x86_64 1770734804 1522164 8d5e2dbf1956efb61ef94b18aa814bb5 installed
libnghttp2-1.33.0-6.el8_10.2.x86_64 1776050936 168252 dda6f5aa9d3f01afdb6e56fe0d877238 installed
pkgconf-1.4.2-1.el8.x86_64 1570949856 63271 3f0934453eb924c03671e17e76e39328 installed
libsigsegv-2.11-5.el8.x86_64 1570817728 47034 ce9314e72ec56917b8d8d46988087151 installed
libsmartcols-2.32.1-48.el8_10.x86_64 1770236304 248450 066d0b74ab4000f50fbad35e1b86e3c2 installed
libverto-0.3.2-2.el8.x86_64 1665215383 26797 7e7e462de5e0a580ab576a068855c773 installed
openssl-libs-1:1.1.1k-15.el8_6.x86_64 1771833252 3778178 f92670a6944bc78acba58e18b57c1b48 installed
ca-certificates-2025.2.80_v9.0.304-80.2.el8_10.noarch 1761835024 2542496 20d2d456c2302c96de74f74f3820ef28 installed
krb5-libs-1.18.2-34.el8_10.x86_64 1778654070 2242746 0f1a83ecef2e90453ee04c8b27d099b2 installed
libblkid-2.32.1-48.el8_10.x86_64 1770236304 343960 d5a99086eda602fc8c072aac326cd3c8 installed
systemd-libs-239-82.el8_10.16.x86_64 1776942813 4698518 4c533006096e17104fdced148d6849df installed
platform-python-setuptools-39.2.0-9.el8_10.noarch 1752570848 2916767 d6c18f389f26d5e2223cf19ac86cc1d6 installed
python3-libs-3.6.8-76.el8_10.alma.1.x86_64 1777358223 32635074 3e6e61460a92dc553f930c9a8dae996a installed
gzip-1.9-13.el8_5.x86_64 1651038570 352906 8485fc0a37da935f0fb3745fabe7b8d3 installed
cracklib-dicts-2.9.6-15.el8.x86_64 1570841236 9815016 071211514751a2efe85da16a5fb063aa installed
libutempter-1.1.6-14.el8.x86_64 1570840217 52637 d15e3fa768493145a039d31652c4cc86 installed
ima-evm-utils-1.3.2-12.el8.x86_64 1617896657 137650 f1149a7855779cc12e174470a311d718 installed
pam-1.3.1-39.el8_10.x86_64 1765997654 2654551 ec39f728a4ead7102f95ae73b0e4bdf1 installed
glib2-2.56.4-169.el8_10.x86_64 1778509421 12288056 8903461c627c594534aecc083738bc77 installed
libfdisk-2.32.1-48.el8_10.x86_64 1770236304 438882 68b6ce9801dfce5725df8b5b2f4dfedd installed
openldap-2.4.46-21.el8_10.x86_64 1741686291 1006691 bdbdff5056dd691c99b835b7800e731a installed
libarchive-3.3.3-7.el8_10.x86_64 1776367872 838287 0925c477027cdcb5d05c618b55a2f2af installed
gnupg2-2.2.20-4.el8_10.x86_64 1768528180 9919099 672d4ea12755d606c2c22ce460e5cfd1 installed
gc-7.6.4-3.el8.x86_64 1570929026 229024 93d9ab4914b0fc0b9087a9153b00638b installed
libipt-1.6.1-8.el8.x86_64 1576743441 166831 08cc83f1cc50881f2dcbd07fad80d4b3 installed
libssh-0.9.6-16.el8_10.x86_64 1764014221 521919 ca5aaf00f2111b6b1d15c6c372df4c06 installed
curl-7.61.1-34.el8_10.11.x86_64 1774361145 701120 34c7ac6555faded8d5c847fa9e7f875f installed
rpm-4.14.3-32.el8_10.x86_64 1734408670 2087838 7ae9ccb29dd07f2f18029b5a8301b35d installed
lua-srpm-macros-1-13.el8.noarch 1707738739 1367 e3b6abae3f561f00b620921c36f690e8 installed
gdb-headless-8.2-20.el8.x86_64 1697051416 11909961 174431c13d1cf5df1ba7dfd16f5f7d98 installed
libxcrypt-devel-4.1.1-6.el8.x86_64 1633752252 24771 c5bd447e1afd686f7a3a35a8070763be installed
gcc-plugin-annobin-8.5.0-28.el8_10.alma.1.x86_64 1756209600 49392 b7e43102e7f244b662b7b39f3292851e installed
redhat-rpm-config-131-1.el8.alma.noarch 1680773284 157410 cb8a43cba75c1251f65d5def6070922c installed
gcc-c++-8.5.0-28.el8_10.alma.1.x86_64 1756209600 32191691 655754ee1a14c27bbc1f91c8239fa9b8 installed
util-linux-2.32.1-48.el8_10.x86_64 1770236304 11576507 97da31d3a46c9001bf8171e60f4252c4 installed
make-1:4.2.1-11.el8.x86_64 1650299955 1436328 07d39fde7080a2f474e72bfb68e53dc9 installed
glibc-all-langpacks-2.28-251.el8_10.37.x86_64 1779789102 436464824 e074cafcb01e462099a8c2b0fe1d46c3 installed
glibc-gconv-extra-2.28-251.el8_10.37.x86_64 1779789102 6416038 ec73cd47ba437fff5cb70cc6400002a8 installed
glibc-devel-2.28-251.el8_10.37.x86_64 1779789102 240562 ea5f83ba47428439f93f73b79971990b installed
gnutls-3.6.16-8.el8_10.6.x86_64 1779780336 3016295 f12834aea79eef9bfc284f56bc634186 installed
python3-pyparsing-2.1.10-7.el8.noarch 1573641407 532674 8672b82a67005b5bc63e0b1960d7bd22 installed
openssl-1:1.1.1k-15.el8_6.x86_64 1771833252 1185641 4a586b970aa094824336a9d9f7bd7ca1 installed
perl-Digest-1.17-395.el8.noarch 1570955296 26684 072565006d46d446394b93ecf0e54f10 installed
perl-Data-Dumper-2.167-399.el8.x86_64 1570953565 106522 4aaca693a5d94d0b2a1d0ec87e44a93d installed
perl-URI-1.73-3.el8.noarch 1573658335 216452 7cfda8476b9d47b81efca515aa1a10aa installed
perl-IO-Socket-IP-0.39-5.el8.noarch 1570961507 99525 2dc8a8bad7bed75fa888dcfa9c1d2bc3 installed
perl-Mozilla-CA-20160104-7.module_el8.5.0+2812+ed912d05.noarch 1650649450 5714 375d0811943cf2e1613890608c5ff5d4 installed
perl-Net-SSLeay-1.88-2.module_el8.6.0+2811+fe6c84b0.x86_64 1650648167 1329463 d919a6badfb10e722dd399ceadd83388 installed
perl-Term-Cap-1.17-395.el8.noarch 1570969761 29850 d0afbeb40ac50e1b7b1b07c173cd1156 installed
perl-HTTP-Tiny-0.074-3.el8.noarch 1712407881 149711 1dc0a60f64836c7853b336b9756ae028 installed
perl-podlators-4.11-1.el8.noarch 1570975956 287639 064949a8a909ca135e7d688ace2c917e installed
perl-Text-ParseWords-3.30-395.el8.noarch 1570971722 13101 346595595f637723eece1706e7291034 installed
perl-MIME-Base64-3.15-396.el8.x86_64 1570964945 41435 9fe8eb59149b8d046f95f27133d42549 installed
perl-Getopt-Long-1:2.50-4.el8.noarch 1570959003 139724 a3bbdda23ff50bd2a9747bd0a4a9be5e installed
perl-Socket-4:2.027-3.el8.x86_64 1574149783 124014 29a3be3faf6b197006451b3147d2b838 installed
perl-Carp-1.42-396.el8.noarch 1570950374 41850 821277a3553443f1cb2d171e5168f91d installed
perl-libs-4:5.26.3-423.el8_10.x86_64 1753690162 6105206 59003bfb9aeccabb1e957f9212258e5f installed
perl-parent-1:0.237-1.el8.noarch 1570975781 9187 e99f03aab06d4a8cb770f972a1cd2dc1 installed
perl-Text-Tabs+Wrap-2013.0523-395.el8.noarch 1571071842 24825 24a88eb5e4c1babe855c1f00f95c0c40 installed
perl-File-Path-2.15-2.el8.noarch 1570958008 64920 c954f28bf7c10427abf97f6211cc268e installed
perl-PathTools-3.74-1.el8.x86_64 1570968071 182821 e64811ec0bbd22c70ed5102624927d3e installed
perl-threads-1:2.21-2.el8.x86_64 1570980992 109155 d3fca77ec49004f2491415b023262db7 installed
perl-interpreter-4:5.26.3-423.el8_10.x86_64 1753690162 14398532 c5155a5f0ab94593fda6159961e78abe installed
perl-Time-HiRes-4:1.9758-2.el8.x86_64 1619556196 116456 9f92f621f0b541b55bfc52afb2b5f978 installed
perl-ExtUtils-Manifest-1.70-395.el8.noarch 1570957034 86252 28f41b99c3c3cc49326b0981d31fe73e installed
perl-Test-Harness-1:3.42-1.el8.noarch 1570970570 580658 d01fe1238571917d1770df7607c83f3a installed
perl-Module-Metadata-1.000033-395.el8.noarch 1570964883 67700 6e5a217ccddda1c7929efc865b291170 installed
perl-Filter-2:1.58-2.el8.x86_64 1570958910 150694 898e42d380e1796ac96be850aa4f428e installed
perl-Module-Load-1:0.32-395.el8.noarch 1570964751 14310 7f166d9074a321051333bd8d9d9e11cb installed
perl-Text-Balanced-2.03-395.el8.noarch 1570971499 156781 d3d89a735747ab5bba63e6b0f6a40b28 installed
perl-Net-Ping-0:2.55-423.el8_10.noarch 1753690379 89607 659ba026a936c2d61296a0be53eda05b installed
perl-IO-Compress-2.081-1.el8.noarch 1570961121 811309 dc2ac3df8d8f8dfa78d57be012d874b1 installed
perl-Math-Complex-0:1.59-423.el8_10.noarch 1753690379 88208 85a92ef639262c291f83946dc86a9361 installed
perl-JSON-PP-1:2.97.001-3.el8.noarch 1571055132 129656 71248b1f2cdbc8bfb1da8681133fbc3a installed
perl-CPAN-Meta-YAML-0.018-397.el8.noarch 1570951462 51719 a1db6bc69b0acf0a9a9bf78334801bda installed
