2026-06-10 15:13:54,561 - Mock Version: 6.7
2026-06-10 15:13:54,564 - Start(bootstrap): chroot init
2026-06-10 15:13:54,604 - Start(bootstrap): cleaning package manager metadata
2026-06-10 15:13:54,605 - Finish(bootstrap): cleaning package manager metadata
2026-06-10 15:13:57,073 - Finish(bootstrap): chroot init
2026-06-10 15:13:57,074 - Start: chroot init
2026-06-10 15:13:57,078 - Start: unpacking root cache
2026-06-10 15:16:02,748 - Finish: unpacking root cache
2026-06-10 15:16:02,750 - Start: cleaning package manager metadata
2026-06-10 15:16:02,755 - Finish: cleaning package manager metadata
2026-06-10 15:16:03,457 - Start: dnf4 update
2026-06-10 15:27:49,616 - Finish: dnf4 update
2026-06-10 15:27:49,993 - Finish: chroot init
2026-06-10 15:27:49,994 - Start: build phase for openssl35-3.5.7-1.el8.src.rpm
2026-06-10 15:27:49,994 - Start: build setup for openssl35-3.5.7-1.el8.src.rpm
2026-06-10 15:34:15,604 - Finish: build setup for openssl35-3.5.7-1.el8.src.rpm
2026-06-10 15:34:15,605 - Start: rpmbuild openssl35-3.5.7-1.el8.src.rpm
2026-06-10 15:34:15,605 - Start: Outputting list of installed packages
2026-06-10 15:34:15,880 - Finish: Outputting list of installed packages
2026-06-10 15:52:15,947 - Finish: rpmbuild openssl35-3.5.7-1.el8.src.rpm
2026-06-10 15:52:16,120 - Finish: build phase for openssl35-3.5.7-1.el8.src.rpm
2026-06-10 15:52:16,122 - Finish: run
